<?xml version="1.0" encoding="UTF-8"?>
<!-- Generated by org.testng.reporters.JUnitReportReporter -->
<testsuite skipped="0" hostname="DESKTOP-NKELD3D" name="WebDriverTest" tests="1" failures="0" timestamp="2021-11-14T15:11:50 MSK" time="104.397" errors="0">
  <testcase name="main" time="104.397" classname="WebDriverTest"/>
  <system-out/>
</testsuite> <!-- WebDriverTest -->
